{"C:\\Users\\DELL\\Documents\\tecmalik-Git-Repo\\javascript\\classwork\\Account.js": {"path":"C:\\Users\\DELL\\Documents\\tecmalik-Git-Repo\\javascript\\classwork\\Account.js","all":false,"statementMap":{"0":{"start":{"line":1,"column":0},"end":{"line":1,"column":42}},"1":{"start":{"line":2,"column":0},"end":{"line":2,"column":18}},"2":{"start":{"line":3,"column":0},"end":{"line":3,"column":30}},"3":{"start":{"line":4,"column":0},"end":{"line":4,"column":76}},"4":{"start":{"line":5,"column":0},"end":{"line":5,"column":63}},"5":{"start":{"line":6,"column":0},"end":{"line":6,"column":37}},"6":{"start":{"line":7,"column":0},"end":{"line":7,"column":34}},"7":{"start":{"line":8,"column":0},"end":{"line":8,"column":0}},"8":{"start":{"line":9,"column":0},"end":{"line":9,"column":6}},"9":{"start":{"line":10,"column":0},"end":{"line":10,"column":29}},"10":{"start":{"line":11,"column":0},"end":{"line":11,"column":84}},"11":{"start":{"line":12,"column":0},"end":{"line":12,"column":60}},"12":{"start":{"line":13,"column":0},"end":{"line":13,"column":37}},"13":{"start":{"line":14,"column":0},"end":{"line":14,"column":9}},"14":{"start":{"line":15,"column":0},"end":{"line":15,"column":5}},"15":{"start":{"line":16,"column":0},"end":{"line":16,"column":0}},"16":{"start":{"line":17,"column":0},"end":{"line":17,"column":30}}},"s":{"0":1,"1":1,"2":1,"3":1,"4":1,"5":1,"6":1,"7":1,"8":1,"9":1,"10":3,"11":3,"12":1,"13":1,"14":1,"15":1,"16":1},"branchMap":{"0":{"type":"branch","line":3,"loc":{"start":{"line":3,"column":13},"end":{"line":9,"column":5}},"locations":[{"start":{"line":3,"column":13},"end":{"line":9,"column":5}}]},"1":{"type":"branch","line":4,"loc":{"start":{"line":4,"column":23},"end":{"line":4,"column":76}},"locations":[{"start":{"line":4,"column":23},"end":{"line":4,"column":76}}]},"2":{"type":"branch","line":5,"loc":{"start":{"line":5,"column":23},"end":{"line":5,"column":63}},"locations":[{"start":{"line":5,"column":23},"end":{"line":5,"column":63}}]},"3":{"type":"branch","line":10,"loc":{"start":{"line":10,"column":16},"end":{"line":14,"column":9}},"locations":[{"start":{"line":10,"column":16},"end":{"line":14,"column":9}}]},"4":{"type":"branch","line":11,"loc":{"start":{"line":11,"column":42},"end":{"line":11,"column":84}},"locations":[{"start":{"line":11,"column":42},"end":{"line":11,"column":84}}]},"5":{"type":"branch","line":11,"loc":{"start":{"line":11,"column":83},"end":{"line":12,"column":24}},"locations":[{"start":{"line":11,"column":83},"end":{"line":12,"column":24}}]},"6":{"type":"branch","line":12,"loc":{"start":{"line":12,"column":24},"end":{"line":14,"column":9}},"locations":[{"start":{"line":12,"column":24},"end":{"line":14,"column":9}}]}},"b":{"0":[1],"1":[0],"2":[0],"3":[3],"4":[1],"5":[2],"6":[1]},"fnMap":{"0":{"name":"deposit","decl":{"start":{"line":3,"column":13},"end":{"line":9,"column":5}},"loc":{"start":{"line":3,"column":13},"end":{"line":9,"column":5}},"line":3},"1":{"name":"withdraw","decl":{"start":{"line":10,"column":16},"end":{"line":14,"column":9}},"loc":{"start":{"line":10,"column":16},"end":{"line":14,"column":9}},"line":10}},"f":{"0":1,"1":3}}
}
